<?xml version="1.0" encoding="UTF-8"?>
<testsuite name="com.CucumberOptions.RunCukeTest" time="0.396" tests="3" errors="0" skipped="0" failures="0">
  <properties>
[...]
</properties>
  <testcase name="Given user is on Application home page" classname="Scenario: Home Page Default content" time="0.003"/>
  <testcase name="Then user gets a github bootcamp section" classname="Scenario: Home Page Default content" time="0"/>
  <testcase name="Scenario: Home Page Default content" classname="Scenario: Home Page Default content" time="0.393"/>
</testsuite>